2019-03-07 22:34:25.778  INFO 16312 --- [main] c.b.s.SpringDataApplicationTests         : Starting SpringDataApplicationTests on DESKTOP-L0RDDIT with PID 16312 (started by david in C:\Users\david\OneDrive\Documents\GitHub\Spring-Boot-Data-JPA-Hibernate)
2019-03-07 22:34:25.781  INFO 16312 --- [main] c.b.s.SpringDataApplicationTests         : No active profile set, falling back to default profiles: default
2019-03-07 22:34:26.917  INFO 16312 --- [main] .s.d.r.c.RepositoryConfigurationDelegate : Bootstrapping Spring Data repositories in DEFAULT mode.
2019-03-07 22:34:27.072  INFO 16312 --- [main] .s.d.r.c.RepositoryConfigurationDelegate : Finished Spring Data repository scanning in 139ms. Found 5 repository interfaces.
2019-03-07 22:34:27.706  INFO 16312 --- [main] trationDelegate$BeanPostProcessorChecker : Bean 'org.springframework.transaction.annotation.ProxyTransactionManagementConfiguration' of type [org.springframework.transaction.annotation.ProxyTransactionManagementConfiguration$$EnhancerBySpringCGLIB$$c8d4734] is not eligible for getting processed by all BeanPostProcessors (for example: not eligible for auto-proxying)
2019-03-07 22:34:28.037  INFO 16312 --- [main] com.zaxxer.hikari.HikariDataSource       : HikariPool-1 - Starting...
2019-03-07 22:34:28.042  WARN 16312 --- [main] com.zaxxer.hikari.util.DriverDataSource  : Registered driver with driverClassName=com.mysql.jdbc.Driver was not found, trying direct instantiation.
2019-03-07 22:34:28.236  INFO 16312 --- [main] com.zaxxer.hikari.HikariDataSource       : HikariPool-1 - Start completed.
2019-03-07 22:34:28.377  INFO 16312 --- [main] o.hibernate.jpa.internal.util.LogHelper  : HHH000204: Processing PersistenceUnitInfo [
	name: default
	...]
2019-03-07 22:34:28.478  INFO 16312 --- [main] org.hibernate.Version                    : HHH000412: Hibernate Core {5.3.7.Final}
2019-03-07 22:34:28.480  INFO 16312 --- [main] org.hibernate.cfg.Environment            : HHH000206: hibernate.properties not found
2019-03-07 22:34:28.678  INFO 16312 --- [main] o.hibernate.annotations.common.Version   : HCANN000001: Hibernate Commons Annotations {5.0.4.Final}
2019-03-07 22:34:29.261  INFO 16312 --- [main] org.hibernate.dialect.Dialect            : HHH000400: Using dialect: org.hibernate.dialect.MySQL5Dialect
2019-03-07 22:34:30.480  INFO 16312 --- [main] j.LocalContainerEntityManagerFactoryBean : Initialized JPA EntityManagerFactory for persistence unit 'default'
2019-03-07 22:34:32.067  INFO 16312 --- [main] o.s.s.concurrent.ThreadPoolTaskExecutor  : Initializing ExecutorService 'applicationTaskExecutor'
2019-03-07 22:34:32.175  WARN 16312 --- [main] aWebConfiguration$JpaWebMvcConfiguration : spring.jpa.open-in-view is enabled by default. Therefore, database queries may be performed during view rendering. Explicitly configure spring.jpa.open-in-view to disable this warning
2019-03-07 22:34:32.758  INFO 16312 --- [main] c.b.s.SpringDataApplicationTests         : Started SpringDataApplicationTests in 7.518 seconds (JVM running for 9.004)
2019-03-07 22:34:33.074  INFO 16312 --- [Thread-2] o.s.s.concurrent.ThreadPoolTaskExecutor  : Shutting down ExecutorService 'applicationTaskExecutor'
2019-03-07 22:34:33.077  INFO 16312 --- [Thread-2] j.LocalContainerEntityManagerFactoryBean : Closing JPA EntityManagerFactory for persistence unit 'default'
2019-03-07 22:34:33.082  INFO 16312 --- [Thread-2] com.zaxxer.hikari.HikariDataSource       : HikariPool-1 - Shutdown initiated...
2019-03-07 22:34:33.094  INFO 16312 --- [Thread-2] com.zaxxer.hikari.HikariDataSource       : HikariPool-1 - Shutdown completed.
